\BOOKMARK [1][-]{section.1}{\376\377\000I\000n\000t\000r\000o\000d\000u\000c\000t\000i\000o\000n}{}% 1
\BOOKMARK [1][-]{section.2}{\376\377\000C\000h\000a\000i\000n\000s\000\040\000C\000o\000m\000p\000l\000e\000x\000e\000s\000\040\000a\000n\000d\000\040\000t\000h\000e\000i\000r\000\040\000S\000p\000e\000c\000t\000r\000a\000l\000\040\000S\000e\000q\000u\000e\000n\000c\000e\000s}{}% 2
\BOOKMARK [2][-]{subsection.2.1}{\376\377\000C\000h\000a\000i\000n\000\040\000C\000o\000m\000p\000l\000e\000x\000e\000s\000\040\000a\000n\000d\000\040\000F\000i\000l\000t\000e\000r\000e\000d\000\040\000O\000b\000j\000e\000c\000t\000s}{section.2}% 3
\BOOKMARK [2][-]{subsection.2.2}{\376\377\000S\000p\000e\000c\000t\000r\000a\000l\000\040\000S\000e\000q\000u\000e\000n\000c\000e\000s\000\040\000o\000f\000\040\000C\000h\000a\000i\000n\000\040\000C\000o\000m\000p\000l\000e\000x\000e\000s}{section.2}% 4
\BOOKMARK [2][-]{subsection.2.3}{\376\377\000T\000h\000e\000\040\000d\000i\000f\000f\000e\000r\000e\000n\000t\000i\000a\000l\000\040\000f\000r\000o\000m\000\040\000c\000h\000a\000i\000n\000\040\000c\000o\000m\000p\000l\000e\000x\000e\000s\000\040\000v\000i\000e\000w\000p\000o\000i\000n\000t}{section.2}% 5
\BOOKMARK [1][-]{section.3}{\376\377\000M\000a\000n\000i\000f\000o\000l\000d\000s\000\040\000w\000i\000t\000h\000\040\000C\000o\000r\000n\000e\000r\000s\000\040\000a\000n\000d\000\040\000F\000r\000a\000m\000e\000d\000\040\000F\000l\000o\000w\000\040\000C\000a\000t\000e\000g\000o\000r\000i\000e\000s}{}% 6
\BOOKMARK [2][-]{subsection.3.1}{\376\377\000D\000i\000a\000g\000r\000a\000m\000m\000a\000t\000i\000c\000\040\000f\000r\000a\000m\000e\000w\000o\000r\000k}{section.3}% 7
\BOOKMARK [2][-]{subsection.3.2}{\376\377\000M\000a\000n\000i\000f\000o\000l\000d\000s\000\040\000w\000i\000t\000h\000\040\000c\000o\000r\000n\000e\000r\000s}{section.3}% 8
\BOOKMARK [2][-]{subsection.3.3}{\376\377\000F\000r\000a\000m\000e\000d\000\040\000F\000l\000o\000w\000\040\000C\000a\000t\000e\000g\000o\000r\000i\000e\000s}{section.3}% 9
\BOOKMARK [1][-]{section.4}{\376\377\000C\000h\000a\000i\000n\000\040\000c\000o\000m\000p\000l\000e\000x\000\040\000o\000f\000\040\000F\000l\000o\000w\000\040\000C\000a\000t\000e\000g\000o\000r\000y}{}% 10
\BOOKMARK [2][-]{subsection.4.1}{\376\377\000T\000o\000p\000o\000l\000o\000g\000i\000c\000a\000l\000\040\000c\000h\000a\000i\000n\000\040\000c\000o\000m\000p\000l\000e\000x\000e\000s}{section.4}% 11
\BOOKMARK [1][-]{section.5}{\376\377\000M\000o\000d\000e\000l\000s\000\040\000f\000o\000r\000\040\000C\000h\000a\000i\000n\000\040\000C\000o\000m\000p\000l\000e\000x\000e\000s}{}% 12
\BOOKMARK [2][-]{subsection.5.1}{\376\377\000C\000u\000b\000i\000c\000a\000l\000\040\000a\000n\000d\000\040\000S\000i\000m\000p\000l\000i\000c\000i\000a\000l\000\040\000M\000o\000d\000e\000l\000s}{section.5}% 13
\BOOKMARK [2][-]{subsection.5.2}{\376\377\000S\000p\000i\000n\000e\000\040\000C\000u\000b\000e\000s\000\040\000a\000n\000d\000\040\000C\000h\000a\000i\000n\000\040\000C\000o\000m\000p\000l\000e\000x\000e\000s}{section.5}% 14
\BOOKMARK [2][-]{subsection.5.3}{\376\377\000T\000h\000e\000\040\000t\000o\000p\000o\000l\000o\000g\000i\000c\000a\000l\000l\000y\000\040\000e\000n\000r\000i\000c\000h\000e\000d\000\040\000m\000o\000d\000e\000l\000\040\000o\000f\000\040\000`\0003\003\001\0009\000`\0004\0002\000`\000"\003\007\0006\0001\0003\000A\000`\000`\0004\0005\000`\0004\0007\000`\000"\0006\0000\0003\000A\000C\000u\000n}{section.5}% 15
\BOOKMARK [2][-]{subsection.5.4}{\376\377\000C\000o\000m\000p\000o\000s\000i\000t\000i\000o\000n\000\040\000i\000n\000\040\000t\000h\000e\000\040\000t\000o\000p\000o\000l\000o\000g\000i\000c\000a\000l\000\040\000m\000o\000d\000e\000l}{section.5}% 16
\BOOKMARK [1][-]{section.6}{\376\377\000D\000i\000f\000f\000e\000r\000e\000n\000t\000i\000a\000l\000\040\000i\000n\000\040\000a\000\040\000f\000l\000o\000w\000\040\000c\000a\000t\000e\000g\000o\000r\000y}{}% 17
\BOOKMARK [1][-]{section.7}{\376\377\000T\000a\000n\000g\000e\000n\000t\000i\000a\000l\000\040\000s\000t\000r\000u\000c\000t\000u\000r\000e\000s\000\040\000a\000n\000d\000\040\000c\000h\000a\000n\000g\000e\000\040\000o\000f\000\040\000r\000i\000n\000g\000s}{}% 18
\BOOKMARK [2][-]{subsection.7.1}{\376\377\000C\000h\000a\000n\000g\000e\000\040\000o\000f\000\040\000r\000i\000n\000g\000s}{section.7}% 19
\BOOKMARK [2][-]{subsection.7.2}{\376\377\000B\000o\000r\000d\000i\000s\000m\000\040\000h\000o\000m\000o\000l\000o\000g\000y\000\040\000o\000f\000\040\000p\000r\000o\000j\000e\000c\000t\000i\000v\000e\000\040\000s\000p\000a\000c\000e\000s}{section.7}% 20
